<?xml version="1.0" encoding="UTF-8"?>
<!-- Generated by org.testng.reporters.JUnitReportReporter -->
<testsuite hostname="LAPTOP-88UG88JR" failures="0" tests="1" name="testngpkg.Copypaste" time="0.567" errors="0" timestamp="2023-10-26T14:37:06 IST" skipped="0">
  <testcase classname="testngpkg.Copypaste" name="test" time="0.567"/>
  <system-out/>
</testsuite> <!-- testngpkg.Copypaste -->
