<?xml version="1.0" encoding="UTF-8"?>
<!-- Generated by org.testng.reporters.JUnitReportReporter -->
<testsuite hostname="LAPTOP-88UG88JR" failures="0" tests="1" name="testpkg.Fblogintest" time="3.976" errors="0" timestamp="2023-11-02T15:36:53 IST" skipped="0">
  <testcase classname="testpkg.Fblogintest" name="testlogin" time="3.976"/>
  <system-out/>
</testsuite> <!-- testpkg.Fblogintest -->
