<?xml version="1.0" encoding="UTF-8"?>
<!-- Generated by org.testng.reporters.JUnitReportReporter -->
<testsuite hostname="LAPTOP-88UG88JR" failures="0" tests="1" name="testngpkg.Datadriven" time="3.684" errors="0" timestamp="2023-10-28T18:10:40 IST" skipped="0">
  <testcase classname="testngpkg.Datadriven" name="test" time="3.684"/>
  <system-out/>
</testsuite> <!-- testngpkg.Datadriven -->
