<?xml version="1.0" encoding="UTF-8"?>
<!-- Generated by org.testng.reporters.JUnitReportReporter -->
<testsuite hostname="LAPTOP-88UG88JR" failures="0" tests="1" name="testngpkg.RightAndDoubleclick" time="0.564" errors="0" timestamp="2023-10-20T15:32:41 IST" skipped="0">
  <testcase classname="testngpkg.RightAndDoubleclick" name="test1" time="0.564"/>
  <system-out/>
</testsuite> <!-- testngpkg.RightAndDoubleclick -->
