<?xml version="1.0" encoding="UTF-8"?>
<!-- Generated by org.testng.reporters.JUnitReportReporter -->
<testsuite hostname="LAPTOP-88UG88JR" failures="0" tests="1" name="testngpkg.Mouseover" time="0.778" errors="0" timestamp="2023-10-20T15:57:07 IST" skipped="0">
  <testcase classname="testngpkg.Mouseover" name="test" time="0.778"/>
  <system-out/>
</testsuite> <!-- testngpkg.Mouseover -->
