<?xml version="1.0" encoding="UTF-8"?>
<!-- Generated by org.testng.reporters.JUnitReportReporter -->
<testsuite hostname="LAPTOP-88UG88JR" failures="0" tests="1" name="testngpkg.Datepicker" time="0.725" errors="0" timestamp="2023-10-30T15:33:49 IST" skipped="0">
  <testcase classname="testngpkg.Datepicker" name="datepicker" time="0.725"/>
  <system-out/>
</testsuite> <!-- testngpkg.Datepicker -->
