<?xml version="1.0" encoding="UTF-8"?>
<!-- Generated by org.testng.reporters.JUnitReportReporter -->
<testsuite hostname="LAPTOP-88UG88JR" failures="0" tests="1" name="testngpkg.AmazonScrolldown" time="2.551" errors="0" timestamp="2023-11-07T14:47:01 IST" skipped="0">
  <testcase classname="testngpkg.AmazonScrolldown" name="test" time="2.551"/>
  <system-out/>
</testsuite> <!-- testngpkg.AmazonScrolldown -->
