<?xml version="1.0" encoding="UTF-8"?>
<!-- Generated by org.testng.reporters.JUnitReportReporter -->
<testsuite hostname="LAPTOP-88UG88JR" failures="0" tests="1" name="testngpkg.Parametertest" time="0.007" errors="0" timestamp="2023-10-19T13:38:19 IST" skipped="0">
  <testcase classname="testngpkg.Parametertest" name="test" time="0.007"/>
  <system-out/>
</testsuite> <!-- testngpkg.Parametertest -->
