<?xml version="1.0" encoding="UTF-8"?>
<!-- Generated by org.testng.reporters.JUnitReportReporter -->
<testsuite hostname="LAPTOP-88UG88JR" failures="0" tests="1" name="testngpkg.Fileupload" time="3.927" errors="0" timestamp="2023-10-27T14:23:33 IST" skipped="0">
  <testcase classname="testngpkg.Fileupload" name="test" time="3.927"/>
  <system-out/>
</testsuite> <!-- testngpkg.Fileupload -->
