<?xml version="1.0" encoding="UTF-8"?>
<!-- Generated by org.testng.reporters.JUnitReportReporter -->
<testsuite hostname="LAPTOP-88UG88JR" failures="0" tests="1" name="testngpkg.DragAndDrop" time="0.325" errors="0" timestamp="2023-10-27T14:35:31 IST" skipped="0">
  <testcase classname="testngpkg.DragAndDrop" name="test" time="0.325"/>
  <system-out/>
</testsuite> <!-- testngpkg.DragAndDrop -->
