<?xml version="1.0" encoding="UTF-8"?>
<!-- Generated by org.testng.reporters.JUnitReportReporter -->
<testsuite hostname="LAPTOP-88UG88JR" failures="0" tests="1" name="testngpkg.Windowhandler" time="3.802" errors="0" timestamp="2023-11-08T13:30:27 IST" skipped="0">
  <testcase classname="testngpkg.Windowhandler" name="test" time="3.802"/>
  <system-out/>
</testsuite> <!-- testngpkg.Windowhandler -->
